# JRE version: Java(TM) SE Runtime Environment (7.0_79-b15) (build 1.7.0_79-b15)
# Java VM: Java HotSpot(TM) 64-Bit Server VM (24.79-b02 mixed mode windows-amd64 compressed oops)
Heap
 PSYoungGen      total 149504K, used 149024K [0x00000007c0900000, 0x00000007cce00000, 0x0000000800000000)
  eden space 148992K, 100% used [0x00000007c0900000,0x00000007c9a80000,0x00000007c9a80000)
  from space 512K, 6% used [0x00000007ccd00000,0x00000007ccd08000,0x00000007ccd80000)
  to   space 512K, 0% used [0x00000007ccd80000,0x00000007ccd80000,0x00000007cce00000)
 ParOldGen       total 180736K, used 111538K [0x0000000741c00000, 0x000000074cc80000, 0x00000007c0900000)
  object space 180736K, 61% used [0x0000000741c00000,0x00000007488ec840,0x000000074cc80000)
 PSPermGen       total 21504K, used 8110K [0x000000073ca00000, 0x000000073df00000, 0x0000000741c00000)
  object space 21504K, 37% used [0x000000073ca00000,0x000000073d1ebad0,0x000000073df00000)
GC Heap History (10 events):
Event: 96.667 GC heap before
{Heap before GC invocations=356 (full 1):
 PSYoungGen      total 178176K, used 177664K [0x00000007c0900000, 0x00000007cce00000, 0x0000000800000000)
  eden space 177664K, 100% used [0x00000007c0900000,0x00000007cb680000,0x00000007cb680000)
  from space 512K, 0% used [0x00000007ccd80000,0x00000007ccd80000,0x00000007cce00000)
  to   space 512K, 0% used [0x00000007ccd00000,0x00000007ccd00000,0x00000007ccd80000)
 ParOldGen       total 180736K, used 111512K [0x0000000741c00000, 0x000000074cc80000, 0x00000007c0900000)
  object space 180736K, 61% used [0x0000000741c00000,0x00000007488e6008,0x000000074cc80000)
 PSPermGen       total 21504K, used 6545K [0x000000073ca00000, 0x000000073df00000, 0x0000000741c00000)
  object space 21504K, 30% used [0x000000073ca00000,0x000000073d064540,0x000000073df00000)
Event: 96.668 GC heap after
Heap after GC invocations=356 (full 1):
 PSYoungGen      total 172032K, used 32K [0x00000007c0900000, 0x00000007cce00000, 0x0000000800000000)
  eden space 171520K, 0% used [0x00000007c0900000,0x00000007c0900000,0x00000007cb080000)
  from space 512K, 6% used [0x00000007ccd00000,0x00000007ccd08000,0x00000007ccd80000)
  to   space 512K, 0% used [0x00000007ccd80000,0x00000007ccd80000,0x00000007cce00000)
 ParOldGen       total 180736K, used 111512K [0x0000000741c00000, 0x000000074cc80000, 0x00000007c0900000)
  object space 180736K, 61% used [0x0000000741c00000,0x00000007488e6008,0x000000074cc80000)
 PSPermGen       total 21504K, used 6545K [0x000000073ca00000, 0x000000073df00000, 0x0000000741c00000)
  object space 21504K, 30% used [0x000000073ca00000,0x000000073d064540,0x000000073df00000)
}
Event: 96.967 GC heap before
{Heap before GC invocations=357 (full 1):
 PSYoungGen      total 172032K, used 171552K [0x00000007c0900000, 0x00000007cce00000, 0x0000000800000000)
  eden space 171520K, 100% used [0x00000007c0900000,0x00000007cb080000,0x00000007cb080000)
  from space 512K, 6% used [0x00000007ccd00000,0x00000007ccd08000,0x00000007ccd80000)
  to   space 512K, 0% used [0x00000007ccd80000,0x00000007ccd80000,0x00000007cce00000)
 ParOldGen       total 180736K, used 111512K [0x0000000741c00000, 0x000000074cc80000, 0x00000007c0900000)
  object space 180736K, 61% used [0x0000000741c00000,0x00000007488e6008,0x000000074cc80000)
 PSPermGen       total 21504K, used 6545K [0x000000073ca00000, 0x000000073df00000, 0x0000000741c00000)
  object space 21504K, 30% used [0x000000073ca00000,0x000000073d064540,0x000000073df00000)
Event: 96.968 GC heap after
Heap after GC invocations=357 (full 1):
 PSYoungGen      total 165888K, used 64K [0x00000007c0900000, 0x00000007cce00000, 0x0000000800000000)
  eden space 165376K, 0% used [0x00000007c0900000,0x00000007c0900000,0x00000007caa80000)
  from space 512K, 12% used [0x00000007ccd80000,0x00000007ccd90000,0x00000007cce00000)
  to   space 512K, 0% used [0x00000007ccd00000,0x00000007ccd00000,0x00000007ccd80000)
 ParOldGen       total 180736K, used 111512K [0x0000000741c00000, 0x000000074cc80000, 0x00000007c0900000)
  object space 180736K, 61% used [0x0000000741c00000,0x00000007488e6008,0x000000074cc80000)
 PSPermGen       total 21504K, used 6545K [0x000000073ca00000, 0x000000073df00000, 0x0000000741c00000)
  object space 21504K, 30% used [0x000000073ca00000,0x000000073d064540,0x000000073df00000)
}
Event: 97.174 GC heap before
{Heap before GC invocations=358 (full 1):
 PSYoungGen      total 165888K, used 165440K [0x00000007c0900000, 0x00000007cce00000, 0x0000000800000000)
  eden space 165376K, 100% used [0x00000007c0900000,0x00000007caa80000,0x00000007caa80000)
  from space 512K, 12% used [0x00000007ccd80000,0x00000007ccd90000,0x00000007cce00000)
  to   space 512K, 0% used [0x00000007ccd00000,0x00000007ccd00000,0x00000007ccd80000)
 ParOldGen       total 180736K, used 111512K [0x0000000741c00000, 0x000000074cc80000, 0x00000007c0900000)
  object space 180736K, 61% used [0x0000000741c00000,0x00000007488e6008,0x000000074cc80000)
 PSPermGen       total 21504K, used 6545K [0x000000073ca00000, 0x000000073df00000, 0x0000000741c00000)
  object space 21504K, 30% used [0x000000073ca00000,0x000000073d064540,0x000000073df00000)
Event: 97.176 GC heap after
Heap after GC invocations=358 (full 1):
 PSYoungGen      total 160256K, used 32K [0x00000007c0900000, 0x00000007cce00000, 0x0000000800000000)
  eden space 159744K, 0% used [0x00000007c0900000,0x00000007c0900000,0x00000007ca500000)
  from space 512K, 6% used [0x00000007ccd00000,0x00000007ccd08000,0x00000007ccd80000)
  to   space 512K, 0% used [0x00000007ccd80000,0x00000007ccd80000,0x00000007cce00000)
 ParOldGen       total 180736K, used 111538K [0x0000000741c00000, 0x000000074cc80000, 0x00000007c0900000)
  object space 180736K, 61% used [0x0000000741c00000,0x00000007488ec840,0x000000074cc80000)
 PSPermGen       total 21504K, used 6545K [0x000000073ca00000, 0x000000073df00000, 0x0000000741c00000)
  object space 21504K, 30% used [0x000000073ca00000,0x000000073d064540,0x000000073df00000)
}
Event: 97.420 GC heap before
{Heap before GC invocations=359 (full 1):
 PSYoungGen      total 160256K, used 159776K [0x00000007c0900000, 0x00000007cce00000, 0x0000000800000000)
  eden space 159744K, 100% used [0x00000007c0900000,0x00000007ca500000,0x00000007ca500000)
  from space 512K, 6% used [0x00000007ccd00000,0x00000007ccd08000,0x00000007ccd80000)
  to   space 512K, 0% used [0x00000007ccd80000,0x00000007ccd80000,0x00000007cce00000)
 ParOldGen       total 180736K, used 111538K [0x0000000741c00000, 0x000000074cc80000, 0x00000007c0900000)
  object space 180736K, 61% used [0x0000000741c00000,0x00000007488ec840,0x000000074cc80000)
 PSPermGen       total 21504K, used 6545K [0x000000073ca00000, 0x000000073df00000, 0x0000000741c00000)
  object space 21504K, 30% used [0x000000073ca00000,0x000000073d064540,0x000000073df00000)
Event: 97.421 GC heap after
Heap after GC invocations=359 (full 1):
 PSYoungGen      total 154624K, used 0K [0x00000007c0900000, 0x00000007cce00000, 0x0000000800000000)
  eden space 154112K, 0% used [0x00000007c0900000,0x00000007c0900000,0x00000007c9f80000)
  from space 512K, 0% used [0x00000007ccd80000,0x00000007ccd80000,0x00000007cce00000)
  to   space 512K, 0% used [0x00000007ccd00000,0x00000007ccd00000,0x00000007ccd80000)
 ParOldGen       total 180736K, used 111538K [0x0000000741c00000, 0x000000074cc80000, 0x00000007c0900000)
  object space 180736K, 61% used [0x0000000741c00000,0x00000007488ec840,0x000000074cc80000)
 PSPermGen       total 21504K, used 6545K [0x000000073ca00000, 0x000000073df00000, 0x0000000741c00000)
  object space 21504K, 30% used [0x000000073ca00000,0x000000073d064540,0x000000073df00000)
}
Event: 97.622 GC heap before
{Heap before GC invocations=360 (full 1):
 PSYoungGen      total 154624K, used 154112K [0x00000007c0900000, 0x00000007cce00000, 0x0000000800000000)
  eden space 154112K, 100% used [0x00000007c0900000,0x00000007c9f80000,0x00000007c9f80000)
  from space 512K, 0% used [0x00000007ccd80000,0x00000007ccd80000,0x00000007cce00000)
  to   space 512K, 0% used [0x00000007ccd00000,0x00000007ccd00000,0x00000007ccd80000)
 ParOldGen       total 180736K, used 111538K [0x0000000741c00000, 0x000000074cc80000, 0x00000007c0900000)
  object space 180736K, 61% used [0x0000000741c00000,0x00000007488ec840,0x000000074cc80000)
 PSPermGen       total 21504K, used 6545K [0x000000073ca00000, 0x000000073df00000, 0x0000000741c00000)
  object space 21504K, 30% used [0x000000073ca00000,0x000000073d064540,0x000000073df00000)
Event: 97.623 GC heap after
Heap after GC invocations=360 (full 1):
 PSYoungGen      total 149504K, used 32K [0x00000007c0900000, 0x00000007cce00000, 0x0000000800000000)
  eden space 148992K, 0% used [0x00000007c0900000,0x00000007c0900000,0x00000007c9a80000)
  from space 512K, 6% used [0x00000007ccd00000,0x00000007ccd08000,0x00000007ccd80000)
  to   space 512K, 0% used [0x00000007ccd80000,0x00000007ccd80000,0x00000007cce00000)
 ParOldGen       total 180736K, used 111538K [0x0000000741c00000, 0x000000074cc80000, 0x00000007c0900000)
  object space 180736K, 61% used [0x0000000741c00000,0x00000007488ec840,0x000000074cc80000)
 PSPermGen       total 21504K, used 6545K [0x000000073ca00000, 0x000000073df00000, 0x0000000741c00000)
  object space 21504K, 30% used [0x000000073ca00000,0x000000073d064540,0x000000073df00000)
}

