# JRE version: Java(TM) SE Runtime Environment (7.0_79-b15) (build 1.7.0_79-b15)
# Java VM: Java HotSpot(TM) 64-Bit Server VM (24.79-b02 mixed mode windows-amd64 compressed oops)
Heap
 PSYoungGen      total 158208K, used 66429K [0x00000007c0900000, 0x00000007cdf00000, 0x0000000800000000)
  eden space 157696K, 42% used [0x00000007c0900000,0x00000007c49df660,0x00000007ca300000)
  from space 512K, 0% used [0x00000007cde00000,0x00000007cde00000,0x00000007cde80000)
  to   space 512K, 0% used [0x00000007cde80000,0x00000007cde80000,0x00000007cdf00000)
 ParOldGen       total 170496K, used 118451K [0x0000000741c00000, 0x000000074c280000, 0x00000007c0900000)
  object space 170496K, 69% used [0x0000000741c00000,0x0000000748facfd0,0x000000074c280000)
 PSPermGen       total 21504K, used 8110K [0x000000073ca00000, 0x000000073df00000, 0x0000000741c00000)
  object space 21504K, 37% used [0x000000073ca00000,0x000000073d1eb958,0x000000073df00000)
GC Heap History (10 events):
Event: 89.517 GC heap before
{Heap before GC invocations=340 (full 1):
 PSYoungGen      total 188416K, used 187936K [0x00000007c0900000, 0x00000007cdf00000, 0x0000000800000000)
  eden space 187904K, 100% used [0x00000007c0900000,0x00000007cc080000,0x00000007cc080000)
  from space 512K, 6% used [0x00000007cde80000,0x00000007cde88000,0x00000007cdf00000)
  to   space 512K, 0% used [0x00000007cde00000,0x00000007cde00000,0x00000007cde80000)
 ParOldGen       total 170496K, used 118435K [0x0000000741c00000, 0x000000074c280000, 0x00000007c0900000)
  object space 170496K, 69% used [0x0000000741c00000,0x0000000748fa8fd0,0x000000074c280000)
 PSPermGen       total 21504K, used 6545K [0x000000073ca00000, 0x000000073df00000, 0x0000000741c00000)
  object space 21504K, 30% used [0x000000073ca00000,0x000000073d064460,0x000000073df00000)
Event: 89.517 GC heap after
Heap after GC invocations=340 (full 1):
 PSYoungGen      total 181760K, used 32K [0x00000007c0900000, 0x00000007cdf00000, 0x0000000800000000)
  eden space 181248K, 0% used [0x00000007c0900000,0x00000007c0900000,0x00000007cba00000)
  from space 512K, 6% used [0x00000007cde00000,0x00000007cde08000,0x00000007cde80000)
  to   space 512K, 0% used [0x00000007cde80000,0x00000007cde80000,0x00000007cdf00000)
 ParOldGen       total 170496K, used 118435K [0x0000000741c00000, 0x000000074c280000, 0x00000007c0900000)
  object space 170496K, 69% used [0x0000000741c00000,0x0000000748fa8fd0,0x000000074c280000)
 PSPermGen       total 21504K, used 6545K [0x000000073ca00000, 0x000000073df00000, 0x0000000741c00000)
  object space 21504K, 30% used [0x000000073ca00000,0x000000073d064460,0x000000073df00000)
}
Event: 89.812 GC heap before
{Heap before GC invocations=341 (full 1):
 PSYoungGen      total 181760K, used 181280K [0x00000007c0900000, 0x00000007cdf00000, 0x0000000800000000)
  eden space 181248K, 100% used [0x00000007c0900000,0x00000007cba00000,0x00000007cba00000)
  from space 512K, 6% used [0x00000007cde00000,0x00000007cde08000,0x00000007cde80000)
  to   space 512K, 0% used [0x00000007cde80000,0x00000007cde80000,0x00000007cdf00000)
 ParOldGen       total 170496K, used 118435K [0x0000000741c00000, 0x000000074c280000, 0x00000007c0900000)
  object space 170496K, 69% used [0x0000000741c00000,0x0000000748fa8fd0,0x000000074c280000)
 PSPermGen       total 21504K, used 6545K [0x000000073ca00000, 0x000000073df00000, 0x0000000741c00000)
  object space 21504K, 30% used [0x000000073ca00000,0x000000073d064460,0x000000073df00000)
Event: 89.813 GC heap after
Heap after GC invocations=341 (full 1):
 PSYoungGen      total 175616K, used 32K [0x00000007c0900000, 0x00000007cdf00000, 0x0000000800000000)
  eden space 175104K, 0% used [0x00000007c0900000,0x00000007c0900000,0x00000007cb400000)
  from space 512K, 6% used [0x00000007cde80000,0x00000007cde88000,0x00000007cdf00000)
  to   space 512K, 0% used [0x00000007cde00000,0x00000007cde00000,0x00000007cde80000)
 ParOldGen       total 170496K, used 118435K [0x0000000741c00000, 0x000000074c280000, 0x00000007c0900000)
  object space 170496K, 69% used [0x0000000741c00000,0x0000000748fa8fd0,0x000000074c280000)
 PSPermGen       total 21504K, used 6545K [0x000000073ca00000, 0x000000073df00000, 0x0000000741c00000)
  object space 21504K, 30% used [0x000000073ca00000,0x000000073d064460,0x000000073df00000)
}
Event: 90.063 GC heap before
{Heap before GC invocations=342 (full 1):
 PSYoungGen      total 175616K, used 175136K [0x00000007c0900000, 0x00000007cdf00000, 0x0000000800000000)
  eden space 175104K, 100% used [0x00000007c0900000,0x00000007cb400000,0x00000007cb400000)
  from space 512K, 6% used [0x00000007cde80000,0x00000007cde88000,0x00000007cdf00000)
  to   space 512K, 0% used [0x00000007cde00000,0x00000007cde00000,0x00000007cde80000)
 ParOldGen       total 170496K, used 118435K [0x0000000741c00000, 0x000000074c280000, 0x00000007c0900000)
  object space 170496K, 69% used [0x0000000741c00000,0x0000000748fa8fd0,0x000000074c280000)
 PSPermGen       total 21504K, used 6545K [0x000000073ca00000, 0x000000073df00000, 0x0000000741c00000)
  object space 21504K, 30% used [0x000000073ca00000,0x000000073d064460,0x000000073df00000)
Event: 90.064 GC heap after
Heap after GC invocations=342 (full 1):
 PSYoungGen      total 169472K, used 32K [0x00000007c0900000, 0x00000007cdf00000, 0x0000000800000000)
  eden space 168960K, 0% used [0x00000007c0900000,0x00000007c0900000,0x00000007cae00000)
  from space 512K, 6% used [0x00000007cde00000,0x00000007cde08000,0x00000007cde80000)
  to   space 512K, 0% used [0x00000007cde80000,0x00000007cde80000,0x00000007cdf00000)
 ParOldGen       total 170496K, used 118451K [0x0000000741c00000, 0x000000074c280000, 0x00000007c0900000)
  object space 170496K, 69% used [0x0000000741c00000,0x0000000748facfd0,0x000000074c280000)
 PSPermGen       total 21504K, used 6545K [0x000000073ca00000, 0x000000073df00000, 0x0000000741c00000)
  object space 21504K, 30% used [0x000000073ca00000,0x000000073d064460,0x000000073df00000)
}
Event: 90.284 GC heap before
{Heap before GC invocations=343 (full 1):
 PSYoungGen      total 169472K, used 168992K [0x00000007c0900000, 0x00000007cdf00000, 0x0000000800000000)
  eden space 168960K, 100% used [0x00000007c0900000,0x00000007cae00000,0x00000007cae00000)
  from space 512K, 6% used [0x00000007cde00000,0x00000007cde08000,0x00000007cde80000)
  to   space 512K, 0% used [0x00000007cde80000,0x00000007cde80000,0x00000007cdf00000)
 ParOldGen       total 170496K, used 118451K [0x0000000741c00000, 0x000000074c280000, 0x00000007c0900000)
  object space 170496K, 69% used [0x0000000741c00000,0x0000000748facfd0,0x000000074c280000)
 PSPermGen       total 21504K, used 6545K [0x000000073ca00000, 0x000000073df00000, 0x0000000741c00000)
  object space 21504K, 30% used [0x000000073ca00000,0x000000073d064460,0x000000073df00000)
Event: 90.285 GC heap after
Heap after GC invocations=343 (full 1):
 PSYoungGen      total 163840K, used 32K [0x00000007c0900000, 0x00000007cdf00000, 0x0000000800000000)
  eden space 163328K, 0% used [0x00000007c0900000,0x00000007c0900000,0x00000007ca880000)
  from space 512K, 6% used [0x00000007cde80000,0x00000007cde88000,0x00000007cdf00000)
  to   space 512K, 0% used [0x00000007cde00000,0x00000007cde00000,0x00000007cde80000)
 ParOldGen       total 170496K, used 118451K [0x0000000741c00000, 0x000000074c280000, 0x00000007c0900000)
  object space 170496K, 69% used [0x0000000741c00000,0x0000000748facfd0,0x000000074c280000)
 PSPermGen       total 21504K, used 6545K [0x000000073ca00000, 0x000000073df00000, 0x0000000741c00000)
  object space 21504K, 30% used [0x000000073ca00000,0x000000073d064460,0x000000073df00000)
}
Event: 90.495 GC heap before
{Heap before GC invocations=344 (full 1):
 PSYoungGen      total 163840K, used 163360K [0x00000007c0900000, 0x00000007cdf00000, 0x0000000800000000)
  eden space 163328K, 100% used [0x00000007c0900000,0x00000007ca880000,0x00000007ca880000)
  from space 512K, 6% used [0x00000007cde80000,0x00000007cde88000,0x00000007cdf00000)
  to   space 512K, 0% used [0x00000007cde00000,0x00000007cde00000,0x00000007cde80000)
 ParOldGen       total 170496K, used 118451K [0x0000000741c00000, 0x000000074c280000, 0x00000007c0900000)
  object space 170496K, 69% used [0x0000000741c00000,0x0000000748facfd0,0x000000074c280000)
 PSPermGen       total 21504K, used 6545K [0x000000073ca00000, 0x000000073df00000, 0x0000000741c00000)
  object space 21504K, 30% used [0x000000073ca00000,0x000000073d064460,0x000000073df00000)
Event: 90.496 GC heap after
Heap after GC invocations=344 (full 1):
 PSYoungGen      total 158208K, used 0K [0x00000007c0900000, 0x00000007cdf00000, 0x0000000800000000)
  eden space 157696K, 0% used [0x00000007c0900000,0x00000007c0900000,0x00000007ca300000)
  from space 512K, 0% used [0x00000007cde00000,0x00000007cde00000,0x00000007cde80000)
  to   space 512K, 0% used [0x00000007cde80000,0x00000007cde80000,0x00000007cdf00000)
 ParOldGen       total 170496K, used 118451K [0x0000000741c00000, 0x000000074c280000, 0x00000007c0900000)
  object space 170496K, 69% used [0x0000000741c00000,0x0000000748facfd0,0x000000074c280000)
 PSPermGen       total 21504K, used 6545K [0x000000073ca00000, 0x000000073df00000, 0x0000000741c00000)
  object space 21504K, 30% used [0x000000073ca00000,0x000000073d064460,0x000000073df00000)
}

